<?xml version="1.0" ?>
<coverage version="7.10.6" timestamp="1757779551637" lines-valid="1" lines-covered="0" line-rate="0" branches-covered="0" branches-valid="0" branch-rate="0" complexity="0">
	<!-- Generated by coverage.py: https://coverage.readthedocs.io/en/7.10.6 -->
	<!-- Based on https://raw.githubusercontent.com/cobertura/web/master/htdocs/xml/coverage-04.dtd -->
	<sources>
		<source>/Users/shafqat/claude/scrapper/src</source>
	</sources>
	<packages>
		<package name="." line-rate="1" branch-rate="0" complexity="0">
			<classes>
				<class name="__init__.py" filename="__init__.py" complexity="0" line-rate="1" branch-rate="0">
					<methods/>
					<lines/>
				</class>
			</classes>
		</package>
		<package name="providers" line-rate="1" branch-rate="0" complexity="0">
			<classes>
				<class name="__init__.py" filename="providers/__init__.py" complexity="0" line-rate="1" branch-rate="0">
					<methods/>
					<lines/>
				</class>
			</classes>
		</package>
		<package name="providers.scrapers" line-rate="1" branch-rate="0" complexity="0">
			<classes>
				<class name="__init__.py" filename="providers/scrapers/__init__.py" complexity="0" line-rate="1" branch-rate="0">
					<methods/>
					<lines/>
				</class>
			</classes>
		</package>
		<package name="providers.storage" line-rate="1" branch-rate="0" complexity="0">
			<classes>
				<class name="__init__.py" filename="providers/storage/__init__.py" complexity="0" line-rate="1" branch-rate="0">
					<methods/>
					<lines/>
				</class>
			</classes>
		</package>
		<package name="scraper_core" line-rate="0" branch-rate="0" complexity="0">
			<classes>
				<class name="__init__.py" filename="scraper_core/__init__.py" complexity="0" line-rate="0" branch-rate="0">
					<methods/>
					<lines>
						<line number="8" hits="0"/>
					</lines>
				</class>
			</classes>
		</package>
		<package name="scraper_core.cli" line-rate="1" branch-rate="0" complexity="0">
			<classes>
				<class name="__init__.py" filename="scraper_core/cli/__init__.py" complexity="0" line-rate="1" branch-rate="0">
					<methods/>
					<lines/>
				</class>
			</classes>
		</package>
		<package name="scraper_core.cli.commands" line-rate="1" branch-rate="0" complexity="0">
			<classes>
				<class name="__init__.py" filename="scraper_core/cli/commands/__init__.py" complexity="0" line-rate="1" branch-rate="0">
					<methods/>
					<lines/>
				</class>
			</classes>
		</package>
		<package name="scraper_core.models" line-rate="1" branch-rate="0" complexity="0">
			<classes>
				<class name="__init__.py" filename="scraper_core/models/__init__.py" complexity="0" line-rate="1" branch-rate="0">
					<methods/>
					<lines/>
				</class>
			</classes>
		</package>
		<package name="scraper_core.providers" line-rate="1" branch-rate="0" complexity="0">
			<classes>
				<class name="__init__.py" filename="scraper_core/providers/__init__.py" complexity="0" line-rate="1" branch-rate="0">
					<methods/>
					<lines/>
				</class>
			</classes>
		</package>
		<package name="scraper_core.workflow" line-rate="1" branch-rate="0" complexity="0">
			<classes>
				<class name="__init__.py" filename="scraper_core/workflow/__init__.py" complexity="0" line-rate="1" branch-rate="0">
					<methods/>
					<lines/>
				</class>
			</classes>
		</package>
	</packages>
</coverage>
